
**** Build of configuration Release for project moead_cpp ****

make all 
Building file: ../cec09.cpp
Invoking: GCC C++ Compiler
g++ -O3 -Wall -c -fmessage-length=0 -MMD -MP -MF"cec09.d" -MT"cec09.d" -o"cec09.o" "../cec09.cpp"
../cec09.cpp: In function 'void CEC09::R2_DTLZ2_M5(double*, double*, unsigned int, unsigned int)':
../cec09.cpp:662: warning: comparison between signed and unsigned integer expressions
../cec09.cpp:667: warning: comparison between signed and unsigned integer expressions
../cec09.cpp:669: warning: comparison between signed and unsigned integer expressions
../cec09.cpp:678: warning: comparison between signed and unsigned integer expressions
../cec09.cpp:680: warning: comparison between signed and unsigned integer expressions
../cec09.cpp:688: warning: comparison between signed and unsigned integer expressions
../cec09.cpp:691: warning: comparison between signed and unsigned integer expressions
../cec09.cpp:711: warning: comparison between signed and unsigned integer expressions
../cec09.cpp:716: warning: comparison between signed and unsigned integer expressions
../cec09.cpp:719: warning: comparison between signed and unsigned integer expressions
../cec09.cpp:725: warning: comparison between signed and unsigned integer expressions
../cec09.cpp:743: warning: comparison between signed and unsigned integer expressions
../cec09.cpp:619: warning: unused variable 'sum'
../cec09.cpp: In function 'void CEC09::R3_DTLZ3_M5(double*, double*, unsigned int, unsigned int)':
../cec09.cpp:795: warning: comparison between signed and unsigned integer expressions
../cec09.cpp:800: warning: comparison between signed and unsigned integer expressions
../cec09.cpp:802: warning: comparison between signed and unsigned integer expressions
../cec09.cpp:811: warning: comparison between signed and unsigned integer expressions
../cec09.cpp:813: warning: comparison between signed and unsigned integer expressions
../cec09.cpp:821: warning: comparison between signed and unsigned integer expressions
../cec09.cpp:824: warning: comparison between signed and unsigned integer expressions
../cec09.cpp:844: warning: comparison between signed and unsigned integer expressions
../cec09.cpp:849: warning: comparison between signed and unsigned integer expressions
../cec09.cpp:852: warning: comparison between signed and unsigned integer expressions
../cec09.cpp:858: warning: comparison between signed and unsigned integer expressions
../cec09.cpp:876: warning: comparison between signed and unsigned integer expressions
../cec09.cpp:751: warning: unused variable 'sum'
../cec09.cpp: In function 'void CEC09::WFG1_M5(double*, double*, unsigned int, unsigned int)':
../cec09.cpp:1107: warning: comparison between signed and unsigned integer expressions
../cec09.cpp:1116: warning: comparison between signed and unsigned integer expressions
../cec09.cpp:1128: warning: comparison between signed and unsigned integer expressions
../cec09.cpp:1134: warning: comparison between signed and unsigned integer expressions
../cec09.cpp:1146: warning: comparison between signed and unsigned integer expressions
../cec09.cpp:1151: warning: comparison between signed and unsigned integer expressions
../cec09.cpp:1164: warning: comparison between signed and unsigned integer expressions
../cec09.cpp:1178: warning: comparison between signed and unsigned integer expressions
../cec09.cpp:1182: warning: comparison between signed and unsigned integer expressions
../cec09.cpp:1192: warning: comparison between signed and unsigned integer expressions
../cec09.cpp:1198: warning: comparison between signed and unsigned integer expressions
../cec09.cpp:1203: warning: comparison between signed and unsigned integer expressions
Finished building: ../cec09.cpp
 
Building file: ../moea.cpp
Invoking: GCC C++ Compiler
g++ -O3 -Wall -c -fmessage-length=0 -MMD -MP -MF"moea.d" -MT"moea.d" -o"moea.o" "../moea.cpp"
In file included from ../recomb.h:5,
                 from ../algorithm.h:6,
                 from ../moea.cpp:25:
../individual.h: In member function 'void CSubproblem::show()':
../individual.h:149: warning: comparison between signed and unsigned integer expressions
In file included from ../algorithm.h:6,
                 from ../moea.cpp:25:
../recomb.h: In function 'void realmutation(CIndividual&, double)':
../recomb.h:14: warning: unused variable 'id_rnd'
In file included from ../moea.cpp:25:
../algorithm.h: In member function 'void CMOEAD::tour_selection(int, std::vector<int, std::allocator<int> >&)':
../algorithm.h:145: warning: comparison between signed and unsigned integer expressions
../algorithm.h: In member function 'void CMOEAD::comp_utility()':
../algorithm.h:166: warning: unused variable 'uti'
../algorithm.h: In member function 'void CMOEAD::mate_selection(std::vector<int, std::allocator<int> >&, int, int, int)':
../algorithm.h:248: warning: comparison between signed and unsigned integer expressions
../algorithm.h:259: warning: comparison between signed and unsigned integer expressions
../algorithm.h: In member function 'void CMOEAD::evol_population()':
../algorithm.h:282: warning: comparison between signed and unsigned integer expressions
../moea.cpp: In function 'int main(int, char**)':
../moea.cpp:40: warning: ' ' flag used with '%n' printf format
../moea.cpp:40: warning: 'I' flag used with '%n' printf format
../moea.cpp:40: warning: format '% In' expects type 'int*', but argument 2 has type 'int'
../moea.cpp:40: warning: too few arguments for format
Finished building: ../moea.cpp
 
Building target: moead_cpp
Invoking: MacOS X C++ Linker
g++  -o "moead_cpp"  ./cec09.o ./moea.o   
Finished building target: moead_cpp
 
